<?xml version="1.0" encoding="UTF-8"?>
<!-- Generated by org.testng.reporters.JUnitXMLReporter -->
<testsuite ignored="0" hostname="Mapal" failures="0" tests="8" name="Sauce Demo App Test Cases" time="20.434" errors="0" timestamp="11 Mar. 2023 18:51:07 GMT">
  <testcase classname="com.sauce.qa.tests.ProductDetailsPageTest" name="VerifyforProductnameTest" time="0.083"/>
  <testcase classname="com.sauce.qa.tests.CartPageTest" name="verifyYourcartLabelTest" time="0.076"/>
  <testcase classname="com.sauce.qa.tests.LoginPageTest" name="LoginPageTitleTest" time="0.013"/>
  <testcase classname="com.sauce.qa.tests.HoemPageTest" name="VerifyHomaPageTitleTest" time="0.016"/>
  <testcase classname="com.sauce.qa.tests.LoginPageTest" name="ImageLogoTest" time="0.04"/>
  <testcase classname="com.sauce.qa.tests.HoemPageTest" name="VerifyClickOnFristItemTest" time="0.144"/>
  <testcase classname="com.sauce.qa.tests.LoginPageTest" name="loginTest" time="0.393"/>
  <testcase classname="com.sauce.qa.tests.HoemPageTest" name="VerifyclickOnAddtoCartLinkTest" time="0.14"/>
</testsuite> <!-- Sauce Demo App Test Cases -->
